<?xml version="1.0" encoding="UTF-8"?>
<testsuite name="com.coffeeshop.backend.payments.ShardResolverTest" tests="5" skipped="0" failures="0" errors="0" timestamp="2026-06-16T03:47:26.618Z" hostname="SAMAN" time="0.155">
  <properties/>
  <testcase name="distributesAcrossAllShardsForTypicalLoad()" classname="com.coffeeshop.backend.payments.ShardResolverTest" time="0.111"/>
  <testcase name="isDeterministicForTheSameRoutingKey()" classname="com.coffeeshop.backend.payments.ShardResolverTest" time="0.007"/>
  <testcase name="rejectsNullRoutingKey()" classname="com.coffeeshop.backend.payments.ShardResolverTest" time="0.007"/>
  <testcase name="mapsKeysIntoConfiguredRange()" classname="com.coffeeshop.backend.payments.ShardResolverTest" time="0.014"/>
  <testcase name="exposesConfiguredShardCount()" classname="com.coffeeshop.backend.payments.ShardResolverTest" time="0.001"/>
  <system-out><![CDATA[]]></system-out>
  <system-err><![CDATA[]]></system-err>
</testsuite>
